<?xml version="1.0" encoding="UTF-8"?>
<!-- Generated by org.testng.reporters.JUnitXMLReporter -->
<testsuite hostname="1-STOP10298" name="Default test" tests="15" failures="0" timestamp="2 May 2016 13:17:58 GMT" time="409.812" errors="0">
  <testcase name="jiraLoginTest" time="17.935" classname="logHours.LogEffortsInJira"/>
  <testcase name="logWorkTest" time="33.571" classname="logHours.LogEffortsInJira"/>
  <testcase name="logWorkTest" time="26.91" classname="logHours.LogEffortsInJira"/>
  <testcase name="logWorkTest" time="27.165" classname="logHours.LogEffortsInJira"/>
  <testcase name="logWorkTest" time="27.155" classname="logHours.LogEffortsInJira"/>
  <testcase name="logWorkTest" time="27.108" classname="logHours.LogEffortsInJira"/>
  <testcase name="logWorkTest" time="27.075" classname="logHours.LogEffortsInJira"/>
  <testcase name="logWorkTest" time="26.957" classname="logHours.LogEffortsInJira"/>
  <testcase name="logWorkTest" time="26.999" classname="logHours.LogEffortsInJira"/>
  <testcase name="logWorkTest" time="27.278" classname="logHours.LogEffortsInJira"/>
  <testcase name="logWorkTest" time="27.101" classname="logHours.LogEffortsInJira"/>
  <testcase name="logWorkTest" time="27.049" classname="logHours.LogEffortsInJira"/>
  <testcase name="logWorkTest" time="26.97" classname="logHours.LogEffortsInJira"/>
  <testcase name="logWorkTest" time="27.223" classname="logHours.LogEffortsInJira"/>
  <testcase name="logWorkTest" time="26.914" classname="logHours.LogEffortsInJira"/>
</testsuite> <!-- Default test -->
