<?xml version="1.0" encoding="UTF-8"?>
<testng-results skipped="0" failed="0" total="15" passed="15">
  <reporter-output>
  </reporter-output>
  <suite name="Default suite" duration-ms="409812" started-at="2016-05-02T13:11:09Z" finished-at="2016-05-02T13:17:58Z">
    <groups>
    </groups>
    <test name="Default test" duration-ms="409812" started-at="2016-05-02T13:11:09Z" finished-at="2016-05-02T13:17:58Z">
      <class name="logHours.LogEffortsInJira">
        <test-method status="PASS" signature="readXLTest()[pri:0, instance:logHours.LogEffortsInJira@163e9ab]" name="readXLTest" is-config="true" duration-ms="6072" started-at="2016-05-02T23:11:09Z" finished-at="2016-05-02T23:11:15Z">
          <reporter-output>
          </reporter-output>
        </test-method> <!-- readXLTest -->
        <test-method status="PASS" signature="jiraLoginTest()[pri:1, instance:logHours.LogEffortsInJira@163e9ab]" name="jiraLoginTest" duration-ms="17935" started-at="2016-05-02T23:11:15Z" description="starting it here" finished-at="2016-05-02T23:11:33Z">
          <reporter-output>
          </reporter-output>
        </test-method> <!-- jiraLoginTest -->
        <test-method status="PASS" signature="afterTest(org.testng.ITestResult)[pri:0, instance:logHours.LogEffortsInJira@163e9ab]" name="afterTest" is-config="true" duration-ms="1" started-at="2016-05-02T23:11:33Z" finished-at="2016-05-02T23:11:33Z">
          <params>
            <param index="0">
              <value>
                <![CDATA[[TestResult name=jiraLoginTest status=SUCCESS method=LogEffortsInJira.jiraLoginTest()[pri:1, instance:logHours.LogEffortsInJira@163e9ab] output={null}]]]>
              </value>
            </param>
          </params>
          <reporter-output>
          </reporter-output>
        </test-method> <!-- afterTest -->
        <test-method status="PASS" signature="logWorkTest(java.lang.String, java.lang.String, java.lang.String, java.util.Date)[pri:2, instance:logHours.LogEffortsInJira@163e9ab]" name="logWorkTest" duration-ms="33571" started-at="2016-05-02T23:11:33Z" data-provider="JiraTasks" finished-at="2016-05-02T23:12:06Z">
          <params>
            <param index="0">
              <value>
                <![CDATA[BigMeeting]]>
              </value>
            </param>
            <param index="1">
              <value>
                <![CDATA[BC-17]]>
              </value>
            </param>
            <param index="2">
              <value>
                <![CDATA[1h]]>
              </value>
            </param>
            <param index="3">
              <value>
                <![CDATA[Fri Apr 01 11:00:00 AEDT 2016]]>
              </value>
            </param>
          </params>
          <reporter-output>
          </reporter-output>
        </test-method> <!-- logWorkTest -->
        <test-method status="PASS" signature="afterTest(org.testng.ITestResult)[pri:0, instance:logHours.LogEffortsInJira@163e9ab]" name="afterTest" is-config="true" duration-ms="0" started-at="2016-05-02T23:12:06Z" finished-at="2016-05-02T23:12:06Z">
          <params>
            <param index="0">
              <value>
                <![CDATA[[TestResult name=logWorkTest status=SUCCESS method=LogEffortsInJira.logWorkTest(java.lang.String, java.lang.String, java.lang.String, java.util.Date)[pri:2, instance:logHours.LogEffortsInJira@163e9ab] output={null}]]]>
              </value>
            </param>
          </params>
          <reporter-output>
          </reporter-output>
        </test-method> <!-- afterTest -->
        <test-method status="PASS" signature="logWorkTest(java.lang.String, java.lang.String, java.lang.String, java.util.Date)[pri:2, instance:logHours.LogEffortsInJira@163e9ab]" name="logWorkTest" duration-ms="26910" started-at="2016-05-02T23:12:06Z" data-provider="JiraTasks" finished-at="2016-05-02T23:12:33Z">
          <params>
            <param index="0">
              <value>
                <![CDATA[VBA]]>
              </value>
            </param>
            <param index="1">
              <value>
                <![CDATA[VBS-8948]]>
              </value>
            </param>
            <param index="2">
              <value>
                <![CDATA[1h]]>
              </value>
            </param>
            <param index="3">
              <value>
                <![CDATA[Fri Apr 01 11:00:00 AEDT 2016]]>
              </value>
            </param>
          </params>
          <reporter-output>
          </reporter-output>
        </test-method> <!-- logWorkTest -->
        <test-method status="PASS" signature="afterTest(org.testng.ITestResult)[pri:0, instance:logHours.LogEffortsInJira@163e9ab]" name="afterTest" is-config="true" duration-ms="1" started-at="2016-05-02T23:12:33Z" finished-at="2016-05-02T23:12:33Z">
          <params>
            <param index="0">
              <value>
                <![CDATA[[TestResult name=logWorkTest status=SUCCESS method=LogEffortsInJira.logWorkTest(java.lang.String, java.lang.String, java.lang.String, java.util.Date)[pri:2, instance:logHours.LogEffortsInJira@163e9ab] output={null}]]]>
              </value>
            </param>
          </params>
          <reporter-output>
          </reporter-output>
        </test-method> <!-- afterTest -->
        <test-method status="PASS" signature="logWorkTest(java.lang.String, java.lang.String, java.lang.String, java.util.Date)[pri:2, instance:logHours.LogEffortsInJira@163e9ab]" name="logWorkTest" duration-ms="27165" started-at="2016-05-02T23:12:33Z" data-provider="JiraTasks" finished-at="2016-05-02T23:13:00Z">
          <params>
            <param index="0">
              <value>
                <![CDATA[BigMeeting]]>
              </value>
            </param>
            <param index="1">
              <value>
                <![CDATA[BC-17]]>
              </value>
            </param>
            <param index="2">
              <value>
                <![CDATA[1h]]>
              </value>
            </param>
            <param index="3">
              <value>
                <![CDATA[Mon Apr 04 11:00:00 AEST 2016]]>
              </value>
            </param>
          </params>
          <reporter-output>
          </reporter-output>
        </test-method> <!-- logWorkTest -->
        <test-method status="PASS" signature="logWorkTest(java.lang.String, java.lang.String, java.lang.String, java.util.Date)[pri:2, instance:logHours.LogEffortsInJira@163e9ab]" name="logWorkTest" duration-ms="27155" started-at="2016-05-02T23:13:00Z" data-provider="JiraTasks" finished-at="2016-05-02T23:13:27Z">
          <params>
            <param index="0">
              <value>
                <![CDATA[VBA]]>
              </value>
            </param>
            <param index="1">
              <value>
                <![CDATA[VBS-8948]]>
              </value>
            </param>
            <param index="2">
              <value>
                <![CDATA[2h]]>
              </value>
            </param>
            <param index="3">
              <value>
                <![CDATA[Mon Apr 04 11:00:00 AEST 2016]]>
              </value>
            </param>
          </params>
          <reporter-output>
          </reporter-output>
        </test-method> <!-- logWorkTest -->
        <test-method status="PASS" signature="afterTest(org.testng.ITestResult)[pri:0, instance:logHours.LogEffortsInJira@163e9ab]" name="afterTest" is-config="true" duration-ms="0" started-at="2016-05-02T23:13:00Z" finished-at="2016-05-02T23:13:00Z">
          <params>
            <param index="0">
              <value>
                <![CDATA[[TestResult name=logWorkTest status=SUCCESS method=LogEffortsInJira.logWorkTest(java.lang.String, java.lang.String, java.lang.String, java.util.Date)[pri:2, instance:logHours.LogEffortsInJira@163e9ab] output={null}]]]>
              </value>
            </param>
          </params>
          <reporter-output>
          </reporter-output>
        </test-method> <!-- afterTest -->
        <test-method status="PASS" signature="afterTest(org.testng.ITestResult)[pri:0, instance:logHours.LogEffortsInJira@163e9ab]" name="afterTest" is-config="true" duration-ms="1" started-at="2016-05-02T23:13:27Z" finished-at="2016-05-02T23:13:27Z">
          <params>
            <param index="0">
              <value>
                <![CDATA[[TestResult name=logWorkTest status=SUCCESS method=LogEffortsInJira.logWorkTest(java.lang.String, java.lang.String, java.lang.String, java.util.Date)[pri:2, instance:logHours.LogEffortsInJira@163e9ab] output={null}]]]>
              </value>
            </param>
          </params>
          <reporter-output>
          </reporter-output>
        </test-method> <!-- afterTest -->
        <test-method status="PASS" signature="logWorkTest(java.lang.String, java.lang.String, java.lang.String, java.util.Date)[pri:2, instance:logHours.LogEffortsInJira@163e9ab]" name="logWorkTest" duration-ms="27108" started-at="2016-05-02T23:13:27Z" data-provider="JiraTasks" finished-at="2016-05-02T23:13:55Z">
          <params>
            <param index="0">
              <value>
                <![CDATA[sprint]]>
              </value>
            </param>
            <param index="1">
              <value>
                <![CDATA[BC-56]]>
              </value>
            </param>
            <param index="2">
              <value>
                <![CDATA[6h]]>
              </value>
            </param>
            <param index="3">
              <value>
                <![CDATA[Thu Apr 07 11:00:00 AEST 2016]]>
              </value>
            </param>
          </params>
          <reporter-output>
          </reporter-output>
        </test-method> <!-- logWorkTest -->
        <test-method status="PASS" signature="logWorkTest(java.lang.String, java.lang.String, java.lang.String, java.util.Date)[pri:2, instance:logHours.LogEffortsInJira@163e9ab]" name="logWorkTest" duration-ms="27075" started-at="2016-05-02T23:13:55Z" data-provider="JiraTasks" finished-at="2016-05-02T23:14:22Z">
          <params>
            <param index="0">
              <value>
                <![CDATA[auto]]>
              </value>
            </param>
            <param index="1">
              <value>
                <![CDATA[TK-24]]>
              </value>
            </param>
            <param index="2">
              <value>
                <![CDATA[1h]]>
              </value>
            </param>
            <param index="3">
              <value>
                <![CDATA[Thu Apr 07 11:00:00 AEST 2016]]>
              </value>
            </param>
          </params>
          <reporter-output>
          </reporter-output>
        </test-method> <!-- logWorkTest -->
        <test-method status="PASS" signature="afterTest(org.testng.ITestResult)[pri:0, instance:logHours.LogEffortsInJira@163e9ab]" name="afterTest" is-config="true" duration-ms="0" started-at="2016-05-02T23:13:55Z" finished-at="2016-05-02T23:13:55Z">
          <params>
            <param index="0">
              <value>
                <![CDATA[[TestResult name=logWorkTest status=SUCCESS method=LogEffortsInJira.logWorkTest(java.lang.String, java.lang.String, java.lang.String, java.util.Date)[pri:2, instance:logHours.LogEffortsInJira@163e9ab] output={null}]]]>
              </value>
            </param>
          </params>
          <reporter-output>
          </reporter-output>
        </test-method> <!-- afterTest -->
        <test-method status="PASS" signature="afterTest(org.testng.ITestResult)[pri:0, instance:logHours.LogEffortsInJira@163e9ab]" name="afterTest" is-config="true" duration-ms="0" started-at="2016-05-02T23:14:22Z" finished-at="2016-05-02T23:14:22Z">
          <params>
            <param index="0">
              <value>
                <![CDATA[[TestResult name=logWorkTest status=SUCCESS method=LogEffortsInJira.logWorkTest(java.lang.String, java.lang.String, java.lang.String, java.util.Date)[pri:2, instance:logHours.LogEffortsInJira@163e9ab] output={null}]]]>
              </value>
            </param>
          </params>
          <reporter-output>
          </reporter-output>
        </test-method> <!-- afterTest -->
        <test-method status="PASS" signature="logWorkTest(java.lang.String, java.lang.String, java.lang.String, java.util.Date)[pri:2, instance:logHours.LogEffortsInJira@163e9ab]" name="logWorkTest" duration-ms="26957" started-at="2016-05-02T23:14:22Z" data-provider="JiraTasks" finished-at="2016-05-02T23:14:49Z">
          <params>
            <param index="0">
              <value>
                <![CDATA[sprint]]>
              </value>
            </param>
            <param index="1">
              <value>
                <![CDATA[BC-56]]>
              </value>
            </param>
            <param index="2">
              <value>
                <![CDATA[6h]]>
              </value>
            </param>
            <param index="3">
              <value>
                <![CDATA[Fri Apr 08 11:00:00 AEST 2016]]>
              </value>
            </param>
          </params>
          <reporter-output>
          </reporter-output>
        </test-method> <!-- logWorkTest -->
        <test-method status="PASS" signature="afterTest(org.testng.ITestResult)[pri:0, instance:logHours.LogEffortsInJira@163e9ab]" name="afterTest" is-config="true" duration-ms="1" started-at="2016-05-02T23:14:49Z" finished-at="2016-05-02T23:14:49Z">
          <params>
            <param index="0">
              <value>
                <![CDATA[[TestResult name=logWorkTest status=SUCCESS method=LogEffortsInJira.logWorkTest(java.lang.String, java.lang.String, java.lang.String, java.util.Date)[pri:2, instance:logHours.LogEffortsInJira@163e9ab] output={null}]]]>
              </value>
            </param>
          </params>
          <reporter-output>
          </reporter-output>
        </test-method> <!-- afterTest -->
        <test-method status="PASS" signature="logWorkTest(java.lang.String, java.lang.String, java.lang.String, java.util.Date)[pri:2, instance:logHours.LogEffortsInJira@163e9ab]" name="logWorkTest" duration-ms="26999" started-at="2016-05-02T23:14:49Z" data-provider="JiraTasks" finished-at="2016-05-02T23:15:16Z">
          <params>
            <param index="0">
              <value>
                <![CDATA[VBA]]>
              </value>
            </param>
            <param index="1">
              <value>
                <![CDATA[VBS-8948]]>
              </value>
            </param>
            <param index="2">
              <value>
                <![CDATA[.5h]]>
              </value>
            </param>
            <param index="3">
              <value>
                <![CDATA[Fri Apr 08 11:00:00 AEST 2016]]>
              </value>
            </param>
          </params>
          <reporter-output>
          </reporter-output>
        </test-method> <!-- logWorkTest -->
        <test-method status="PASS" signature="afterTest(org.testng.ITestResult)[pri:0, instance:logHours.LogEffortsInJira@163e9ab]" name="afterTest" is-config="true" duration-ms="0" started-at="2016-05-02T23:15:16Z" finished-at="2016-05-02T23:15:16Z">
          <params>
            <param index="0">
              <value>
                <![CDATA[[TestResult name=logWorkTest status=SUCCESS method=LogEffortsInJira.logWorkTest(java.lang.String, java.lang.String, java.lang.String, java.util.Date)[pri:2, instance:logHours.LogEffortsInJira@163e9ab] output={null}]]]>
              </value>
            </param>
          </params>
          <reporter-output>
          </reporter-output>
        </test-method> <!-- afterTest -->
        <test-method status="PASS" signature="logWorkTest(java.lang.String, java.lang.String, java.lang.String, java.util.Date)[pri:2, instance:logHours.LogEffortsInJira@163e9ab]" name="logWorkTest" duration-ms="27278" started-at="2016-05-02T23:15:16Z" data-provider="JiraTasks" finished-at="2016-05-02T23:15:43Z">
          <params>
            <param index="0">
              <value>
                <![CDATA[sprint]]>
              </value>
            </param>
            <param index="1">
              <value>
                <![CDATA[BC-56]]>
              </value>
            </param>
            <param index="2">
              <value>
                <![CDATA[7.5h]]>
              </value>
            </param>
            <param index="3">
              <value>
                <![CDATA[Tue Apr 12 11:00:00 AEST 2016]]>
              </value>
            </param>
          </params>
          <reporter-output>
          </reporter-output>
        </test-method> <!-- logWorkTest -->
        <test-method status="PASS" signature="logWorkTest(java.lang.String, java.lang.String, java.lang.String, java.util.Date)[pri:2, instance:logHours.LogEffortsInJira@163e9ab]" name="logWorkTest" duration-ms="27101" started-at="2016-05-02T23:15:43Z" data-provider="JiraTasks" finished-at="2016-05-02T23:16:10Z">
          <params>
            <param index="0">
              <value>
                <![CDATA[sprint]]>
              </value>
            </param>
            <param index="1">
              <value>
                <![CDATA[BC-56]]>
              </value>
            </param>
            <param index="2">
              <value>
                <![CDATA[6.5h]]>
              </value>
            </param>
            <param index="3">
              <value>
                <![CDATA[Wed Apr 13 11:00:00 AEST 2016]]>
              </value>
            </param>
          </params>
          <reporter-output>
          </reporter-output>
        </test-method> <!-- logWorkTest -->
        <test-method status="PASS" signature="afterTest(org.testng.ITestResult)[pri:0, instance:logHours.LogEffortsInJira@163e9ab]" name="afterTest" is-config="true" duration-ms="0" started-at="2016-05-02T23:15:43Z" finished-at="2016-05-02T23:15:43Z">
          <params>
            <param index="0">
              <value>
                <![CDATA[[TestResult name=logWorkTest status=SUCCESS method=LogEffortsInJira.logWorkTest(java.lang.String, java.lang.String, java.lang.String, java.util.Date)[pri:2, instance:logHours.LogEffortsInJira@163e9ab] output={null}]]]>
              </value>
            </param>
          </params>
          <reporter-output>
          </reporter-output>
        </test-method> <!-- afterTest -->
        <test-method status="PASS" signature="logWorkTest(java.lang.String, java.lang.String, java.lang.String, java.util.Date)[pri:2, instance:logHours.LogEffortsInJira@163e9ab]" name="logWorkTest" duration-ms="27049" started-at="2016-05-02T23:16:10Z" data-provider="JiraTasks" finished-at="2016-05-02T23:16:37Z">
          <params>
            <param index="0">
              <value>
                <![CDATA[VBA]]>
              </value>
            </param>
            <param index="1">
              <value>
                <![CDATA[VBS-8948]]>
              </value>
            </param>
            <param index="2">
              <value>
                <![CDATA[1h]]>
              </value>
            </param>
            <param index="3">
              <value>
                <![CDATA[Wed Apr 13 11:00:00 AEST 2016]]>
              </value>
            </param>
          </params>
          <reporter-output>
          </reporter-output>
        </test-method> <!-- logWorkTest -->
        <test-method status="PASS" signature="afterTest(org.testng.ITestResult)[pri:0, instance:logHours.LogEffortsInJira@163e9ab]" name="afterTest" is-config="true" duration-ms="0" started-at="2016-05-02T23:16:10Z" finished-at="2016-05-02T23:16:10Z">
          <params>
            <param index="0">
              <value>
                <![CDATA[[TestResult name=logWorkTest status=SUCCESS method=LogEffortsInJira.logWorkTest(java.lang.String, java.lang.String, java.lang.String, java.util.Date)[pri:2, instance:logHours.LogEffortsInJira@163e9ab] output={null}]]]>
              </value>
            </param>
          </params>
          <reporter-output>
          </reporter-output>
        </test-method> <!-- afterTest -->
        <test-method status="PASS" signature="afterTest(org.testng.ITestResult)[pri:0, instance:logHours.LogEffortsInJira@163e9ab]" name="afterTest" is-config="true" duration-ms="0" started-at="2016-05-02T23:16:37Z" finished-at="2016-05-02T23:16:37Z">
          <params>
            <param index="0">
              <value>
                <![CDATA[[TestResult name=logWorkTest status=SUCCESS method=LogEffortsInJira.logWorkTest(java.lang.String, java.lang.String, java.lang.String, java.util.Date)[pri:2, instance:logHours.LogEffortsInJira@163e9ab] output={null}]]]>
              </value>
            </param>
          </params>
          <reporter-output>
          </reporter-output>
        </test-method> <!-- afterTest -->
        <test-method status="PASS" signature="logWorkTest(java.lang.String, java.lang.String, java.lang.String, java.util.Date)[pri:2, instance:logHours.LogEffortsInJira@163e9ab]" name="logWorkTest" duration-ms="26970" started-at="2016-05-02T23:16:37Z" data-provider="JiraTasks" finished-at="2016-05-02T23:17:04Z">
          <params>
            <param index="0">
              <value>
                <![CDATA[auto]]>
              </value>
            </param>
            <param index="1">
              <value>
                <![CDATA[TK-24]]>
              </value>
            </param>
            <param index="2">
              <value>
                <![CDATA[1h]]>
              </value>
            </param>
            <param index="3">
              <value>
                <![CDATA[Thu Apr 14 11:00:00 AEST 2016]]>
              </value>
            </param>
          </params>
          <reporter-output>
          </reporter-output>
        </test-method> <!-- logWorkTest -->
        <test-method status="PASS" signature="afterTest(org.testng.ITestResult)[pri:0, instance:logHours.LogEffortsInJira@163e9ab]" name="afterTest" is-config="true" duration-ms="1" started-at="2016-05-02T23:17:04Z" finished-at="2016-05-02T23:17:04Z">
          <params>
            <param index="0">
              <value>
                <![CDATA[[TestResult name=logWorkTest status=SUCCESS method=LogEffortsInJira.logWorkTest(java.lang.String, java.lang.String, java.lang.String, java.util.Date)[pri:2, instance:logHours.LogEffortsInJira@163e9ab] output={null}]]]>
              </value>
            </param>
          </params>
          <reporter-output>
          </reporter-output>
        </test-method> <!-- afterTest -->
        <test-method status="PASS" signature="logWorkTest(java.lang.String, java.lang.String, java.lang.String, java.util.Date)[pri:2, instance:logHours.LogEffortsInJira@163e9ab]" name="logWorkTest" duration-ms="27223" started-at="2016-05-02T23:17:04Z" data-provider="JiraTasks" finished-at="2016-05-02T23:17:31Z">
          <params>
            <param index="0">
              <value>
                <![CDATA[ops]]>
              </value>
            </param>
            <param index="1">
              <value>
                <![CDATA[TK-5]]>
              </value>
            </param>
            <param index="2">
              <value>
                <![CDATA[2h]]>
              </value>
            </param>
            <param index="3">
              <value>
                <![CDATA[Fri Apr 15 11:00:00 AEST 2016]]>
              </value>
            </param>
          </params>
          <reporter-output>
          </reporter-output>
        </test-method> <!-- logWorkTest -->
        <test-method status="PASS" signature="afterTest(org.testng.ITestResult)[pri:0, instance:logHours.LogEffortsInJira@163e9ab]" name="afterTest" is-config="true" duration-ms="1" started-at="2016-05-02T23:17:31Z" finished-at="2016-05-02T23:17:31Z">
          <params>
            <param index="0">
              <value>
                <![CDATA[[TestResult name=logWorkTest status=SUCCESS method=LogEffortsInJira.logWorkTest(java.lang.String, java.lang.String, java.lang.String, java.util.Date)[pri:2, instance:logHours.LogEffortsInJira@163e9ab] output={null}]]]>
              </value>
            </param>
          </params>
          <reporter-output>
          </reporter-output>
        </test-method> <!-- afterTest -->
        <test-method status="PASS" signature="logWorkTest(java.lang.String, java.lang.String, java.lang.String, java.util.Date)[pri:2, instance:logHours.LogEffortsInJira@163e9ab]" name="logWorkTest" duration-ms="26914" started-at="2016-05-02T23:17:31Z" data-provider="JiraTasks" finished-at="2016-05-02T23:17:58Z">
          <params>
            <param index="0">
              <value>
                <![CDATA[VBA]]>
              </value>
            </param>
            <param index="1">
              <value>
                <![CDATA[VBS-8948]]>
              </value>
            </param>
            <param index="2">
              <value>
                <![CDATA[1h]]>
              </value>
            </param>
            <param index="3">
              <value>
                <![CDATA[Thu Apr 21 11:00:00 AEST 2016]]>
              </value>
            </param>
          </params>
          <reporter-output>
          </reporter-output>
        </test-method> <!-- logWorkTest -->
        <test-method status="PASS" signature="afterTest(org.testng.ITestResult)[pri:0, instance:logHours.LogEffortsInJira@163e9ab]" name="afterTest" is-config="true" duration-ms="1" started-at="2016-05-02T23:17:58Z" finished-at="2016-05-02T23:17:58Z">
          <params>
            <param index="0">
              <value>
                <![CDATA[[TestResult name=logWorkTest status=SUCCESS method=LogEffortsInJira.logWorkTest(java.lang.String, java.lang.String, java.lang.String, java.util.Date)[pri:2, instance:logHours.LogEffortsInJira@163e9ab] output={null}]]]>
              </value>
            </param>
          </params>
          <reporter-output>
          </reporter-output>
        </test-method> <!-- afterTest -->
        <test-method status="PASS" signature="teardown()[pri:0, instance:logHours.LogEffortsInJira@163e9ab]" name="teardown" is-config="true" duration-ms="279" started-at="2016-05-02T23:17:58Z" finished-at="2016-05-02T23:17:58Z">
          <reporter-output>
          </reporter-output>
        </test-method> <!-- teardown -->
      </class> <!-- logHours.LogEffortsInJira -->
    </test> <!-- Default test -->
  </suite> <!-- Default suite -->
</testng-results>
